# JRE version: OpenJDK Runtime Environment Temurin-17.0.4+8 (17.0.4+8) (build 17.0.4+8)
# Java VM: OpenJDK 64-Bit Server VM Temurin-17.0.4+8 (17.0.4+8, mixed mode, emulated-client, tiered, compressed oops, compressed class ptrs, g1 gc, windows-amd64)
GC Precious Log:
 CPUs: 4 total, 4 available
 Memory: 8113M
 Large Page Support: Disabled
 NUMA Support: Disabled
 Compressed Oops: Enabled (32-bit)
 Heap Region Size: 1M
 Heap Min Capacity: 8M
 Heap Initial Capacity: 128M
 Heap Max Capacity: 2030M
 Pre-touch: Disabled
 Parallel Workers: 4
 Concurrent Workers: 1
 Concurrent Refinement Workers: 4
 Periodic GC: Disabled
Heap:
 garbage-first heap   total 194560K, used 72644K [0x0000000081200000, 0x0000000100000000)
  region size 1024K, 7 young (7168K), 7 survivors (7168K)
 Metaspace       used 35076K, committed 35392K, reserved 1081344K
  class space    used 4564K, committed 4736K, reserved 1048576K
GC Heap History (20 events):
Event: 9.493 GC heap after
{Heap after GC invocations=15 (full 0):
 garbage-first heap   total 77824K, used 35659K [0x0000000081200000, 0x0000000100000000)
  region size 1024K, 4 young (4096K), 4 survivors (4096K)
 Metaspace       used 33587K, committed 33920K, reserved 1081344K
  class space    used 4286K, committed 4480K, reserved 1048576K
}
Event: 9.699 GC heap before
{Heap before GC invocations=15 (full 0):
 garbage-first heap   total 77824K, used 57163K [0x0000000081200000, 0x0000000100000000)
  region size 1024K, 26 young (26624K), 4 survivors (4096K)
 Metaspace       used 33729K, committed 34048K, reserved 1081344K
  class space    used 4310K, committed 4480K, reserved 1048576K
}
Event: 9.721 GC heap after
{Heap after GC invocations=16 (full 0):
 garbage-first heap   total 77824K, used 43733K [0x0000000081200000, 0x0000000100000000)
  region size 1024K, 4 young (4096K), 4 survivors (4096K)
 Metaspace       used 33729K, committed 34048K, reserved 1081344K
  class space    used 4310K, committed 4480K, reserved 1048576K
}
Event: 10.879 GC heap before
{Heap before GC invocations=16 (full 0):
 garbage-first heap   total 77824K, used 58069K [0x0000000081200000, 0x0000000100000000)
  region size 1024K, 18 young (18432K), 4 survivors (4096K)
 Metaspace       used 34877K, committed 35136K, reserved 1081344K
  class space    used 4540K, committed 4672K, reserved 1048576K
}
Event: 10.893 GC heap after
{Heap after GC invocations=17 (full 0):
 garbage-first heap   total 77824K, used 46395K [0x0000000081200000, 0x0000000100000000)
  region size 1024K, 2 young (2048K), 2 survivors (2048K)
 Metaspace       used 34877K, committed 35136K, reserved 1081344K
  class space    used 4540K, committed 4672K, reserved 1048576K
}
Event: 11.222 GC heap before
{Heap before GC invocations=18 (full 0):
 garbage-first heap   total 89088K, used 59707K [0x0000000081200000, 0x0000000100000000)
  region size 1024K, 14 young (14336K), 2 survivors (2048K)
 Metaspace       used 34879K, committed 35136K, reserved 1081344K
  class space    used 4541K, committed 4672K, reserved 1048576K
}
Event: 11.238 GC heap after
{Heap after GC invocations=19 (full 0):
 garbage-first heap   total 89088K, used 52913K [0x0000000081200000, 0x0000000100000000)
  region size 1024K, 2 young (2048K), 2 survivors (2048K)
 Metaspace       used 34879K, committed 35136K, reserved 1081344K
  class space    used 4541K, committed 4672K, reserved 1048576K
}
Event: 11.318 GC heap before
{Heap before GC invocations=19 (full 0):
 garbage-first heap   total 89088K, used 59057K [0x0000000081200000, 0x0000000100000000)
  region size 1024K, 9 young (9216K), 2 survivors (2048K)
 Metaspace       used 34879K, committed 35136K, reserved 1081344K
  class space    used 4541K, committed 4672K, reserved 1048576K
}
Event: 11.330 GC heap after
{Heap after GC invocations=20 (full 0):
 garbage-first heap   total 89088K, used 57344K [0x0000000081200000, 0x0000000100000000)
  region size 1024K, 2 young (2048K), 2 survivors (2048K)
 Metaspace       used 34879K, committed 35136K, reserved 1081344K
  class space    used 4541K, committed 4672K, reserved 1048576K
}
Event: 11.503 GC heap before
{Heap before GC invocations=20 (full 0):
 garbage-first heap   total 89088K, used 67584K [0x0000000081200000, 0x0000000100000000)
  region size 1024K, 12 young (12288K), 2 survivors (2048K)
 Metaspace       used 34963K, committed 35264K, reserved 1081344K
  class space    used 4549K, committed 4672K, reserved 1048576K
}
Event: 11.539 GC heap after
{Heap after GC invocations=21 (full 0):
 garbage-first heap   total 194560K, used 62675K [0x0000000081200000, 0x0000000100000000)
  region size 1024K, 2 young (2048K), 2 survivors (2048K)
 Metaspace       used 34963K, committed 35264K, reserved 1081344K
  class space    used 4549K, committed 4672K, reserved 1048576K
}
Event: 11.747 GC heap before
{Heap before GC invocations=21 (full 0):
 garbage-first heap   total 194560K, used 117971K [0x0000000081200000, 0x0000000100000000)
  region size 1024K, 58 young (59392K), 2 survivors (2048K)
 Metaspace       used 35076K, committed 35392K, reserved 1081344K
  class space    used 4564K, committed 4736K, reserved 1048576K
}
Event: 11.756 GC heap after
{Heap after GC invocations=22 (full 0):
 garbage-first heap   total 194560K, used 64088K [0x0000000081200000, 0x0000000100000000)
  region size 1024K, 5 young (5120K), 5 survivors (5120K)
 Metaspace       used 35076K, committed 35392K, reserved 1081344K
  class space    used 4564K, committed 4736K, reserved 1048576K
}
Event: 11.874 GC heap before
{Heap before GC invocations=23 (full 0):
 garbage-first heap   total 194560K, used 142936K [0x0000000081200000, 0x0000000100000000)
  region size 1024K, 83 young (84992K), 5 survivors (5120K)
 Metaspace       used 35076K, committed 35392K, reserved 1081344K
  class space    used 4564K, committed 4736K, reserved 1048576K
}
Event: 11.887 GC heap after
{Heap after GC invocations=24 (full 0):
 garbage-first heap   total 194560K, used 67138K [0x0000000081200000, 0x0000000100000000)
  region size 1024K, 8 young (8192K), 8 survivors (8192K)
 Metaspace       used 35076K, committed 35392K, reserved 1081344K
  class space    used 4564K, committed 4736K, reserved 1048576K
}
Event: 11.889 GC heap before
{Heap before GC invocations=24 (full 0):
 garbage-first heap   total 194560K, used 67138K [0x0000000081200000, 0x0000000100000000)
  region size 1024K, 9 young (9216K), 8 survivors (8192K)
 Metaspace       used 35076K, committed 35392K, reserved 1081344K
  class space    used 4564K, committed 4736K, reserved 1048576K
}
Event: 11.899 GC heap after
{Heap after GC invocations=25 (full 0):
 garbage-first heap   total 194560K, used 67095K [0x0000000081200000, 0x0000000100000000)
  region size 1024K, 1 young (1024K), 1 survivors (1024K)
 Metaspace       used 35076K, committed 35392K, reserved 1081344K
  class space    used 4564K, committed 4736K, reserved 1048576K
}
Event: 11.993 GC heap before
{Heap before GC invocations=25 (full 0):
 garbage-first heap   total 194560K, used 147991K [0x0000000081200000, 0x0000000100000000)
  region size 1024K, 82 young (83968K), 1 survivors (1024K)
 Metaspace       used 35076K, committed 35392K, reserved 1081344K
  class space    used 4564K, committed 4736K, reserved 1048576K
}
Event: 11.997 GC heap after
{Heap after GC invocations=26 (full 0):
 garbage-first heap   total 194560K, used 69651K [0x0000000081200000, 0x0000000100000000)
  region size 1024K, 4 young (4096K), 4 survivors (4096K)
 Metaspace       used 35076K, committed 35392K, reserved 1081344K
  class space    used 4564K, committed 4736K, reserved 1048576K
}
Event: 12.148 GC heap before
{Heap before GC invocations=26 (full 0):
 garbage-first heap   total 194560K, used 150547K [0x0000000081200000, 0x0000000100000000)
  region size 1024K, 85 young (87040K), 4 survivors (4096K)
 Metaspace       used 35076K, committed 35392K, reserved 1081344K
  class space    used 4564K, committed 4736K, reserved 1048576K
}

