# JRE version: OpenJDK Runtime Environment Temurin-17.0.4+8 (17.0.4+8) (build 17.0.4+8)
# Java VM: OpenJDK 64-Bit Server VM Temurin-17.0.4+8 (17.0.4+8, mixed mode, emulated-client, tiered, compressed oops, compressed class ptrs, g1 gc, windows-amd64)
GC Precious Log:
 CPUs: 4 total, 4 available
 Memory: 8113M
 Large Page Support: Disabled
 NUMA Support: Disabled
 Compressed Oops: Enabled (32-bit)
 Heap Region Size: 1M
 Heap Min Capacity: 8M
 Heap Initial Capacity: 128M
 Heap Max Capacity: 2030M
 Pre-touch: Disabled
 Parallel Workers: 4
 Concurrent Workers: 1
 Concurrent Refinement Workers: 4
 Periodic GC: Disabled
Heap:
 garbage-first heap   total 463872K, used 169472K [0x0000000081200000, 0x0000000100000000)
  region size 1024K, 23 young (23552K), 23 survivors (23552K)
 Metaspace       used 43184K, committed 43520K, reserved 1089536K
  class space    used 5323K, committed 5504K, reserved 1048576K
GC Heap History (20 events):
Event: 77.172 GC heap after
{Heap after GC invocations=29 (full 0):
 garbage-first heap   total 242688K, used 64986K [0x0000000081200000, 0x0000000100000000)
  region size 1024K, 1 young (1024K), 1 survivors (1024K)
 Metaspace       used 35538K, committed 35840K, reserved 1081344K
  class space    used 4597K, committed 4736K, reserved 1048576K
}
Event: 77.678 GC heap before
{Heap before GC invocations=29 (full 0):
 garbage-first heap   total 242688K, used 178650K [0x0000000081200000, 0x0000000100000000)
  region size 1024K, 113 young (115712K), 1 survivors (1024K)
 Metaspace       used 36145K, committed 36416K, reserved 1081344K
  class space    used 4646K, committed 4800K, reserved 1048576K
}
Event: 77.688 GC heap after
{Heap after GC invocations=30 (full 0):
 garbage-first heap   total 242688K, used 68905K [0x0000000081200000, 0x0000000100000000)
  region size 1024K, 5 young (5120K), 5 survivors (5120K)
 Metaspace       used 36145K, committed 36416K, reserved 1081344K
  class space    used 4646K, committed 4800K, reserved 1048576K
}
Event: 78.283 GC heap before
{Heap before GC invocations=30 (full 0):
 garbage-first heap   total 242688K, used 182569K [0x0000000081200000, 0x0000000100000000)
  region size 1024K, 117 young (119808K), 5 survivors (5120K)
 Metaspace       used 36778K, committed 37120K, reserved 1081344K
  class space    used 4696K, committed 4864K, reserved 1048576K
}
Event: 78.299 GC heap after
{Heap after GC invocations=31 (full 0):
 garbage-first heap   total 242688K, used 73306K [0x0000000081200000, 0x0000000100000000)
  region size 1024K, 9 young (9216K), 9 survivors (9216K)
 Metaspace       used 36778K, committed 37120K, reserved 1081344K
  class space    used 4696K, committed 4864K, reserved 1048576K
}
Event: 78.881 GC heap before
{Heap before GC invocations=31 (full 0):
 garbage-first heap   total 242688K, used 189018K [0x0000000081200000, 0x0000000100000000)
  region size 1024K, 123 young (125952K), 9 survivors (9216K)
 Metaspace       used 37342K, committed 37696K, reserved 1089536K
  class space    used 4719K, committed 4864K, reserved 1048576K
}
Event: 79.122 GC heap after
{Heap after GC invocations=32 (full 0):
 garbage-first heap   total 463872K, used 79068K [0x0000000081200000, 0x0000000100000000)
  region size 1024K, 10 young (10240K), 10 survivors (10240K)
 Metaspace       used 37342K, committed 37696K, reserved 1089536K
  class space    used 4719K, committed 4864K, reserved 1048576K
}
Event: 81.705 GC heap before
{Heap before GC invocations=32 (full 0):
 garbage-first heap   total 463872K, used 345308K [0x0000000081200000, 0x0000000100000000)
  region size 1024K, 271 young (277504K), 10 survivors (10240K)
 Metaspace       used 38031K, committed 38400K, reserved 1089536K
  class space    used 4798K, committed 4992K, reserved 1048576K
}
Event: 81.997 GC heap after
{Heap after GC invocations=33 (full 0):
 garbage-first heap   total 463872K, used 91221K [0x0000000081200000, 0x0000000100000000)
  region size 1024K, 22 young (22528K), 22 survivors (22528K)
 Metaspace       used 38031K, committed 38400K, reserved 1089536K
  class space    used 4798K, committed 4992K, reserved 1048576K
}
Event: 84.785 GC heap before
{Heap before GC invocations=33 (full 0):
 garbage-first heap   total 463872K, used 345173K [0x0000000081200000, 0x0000000100000000)
  region size 1024K, 271 young (277504K), 22 survivors (22528K)
 Metaspace       used 38308K, committed 38592K, reserved 1089536K
  class space    used 4838K, committed 4992K, reserved 1048576K
}
Event: 84.827 GC heap after
{Heap after GC invocations=34 (full 0):
 garbage-first heap   total 463872K, used 101222K [0x0000000081200000, 0x0000000100000000)
  region size 1024K, 28 young (28672K), 28 survivors (28672K)
 Metaspace       used 38308K, committed 38592K, reserved 1089536K
  class space    used 4838K, committed 4992K, reserved 1048576K
}
Event: 85.873 GC heap before
{Heap before GC invocations=34 (full 0):
 garbage-first heap   total 463872K, used 349030K [0x0000000081200000, 0x0000000100000000)
  region size 1024K, 271 young (277504K), 28 survivors (28672K)
 Metaspace       used 38898K, committed 39232K, reserved 1089536K
  class space    used 4893K, committed 5056K, reserved 1048576K
}
Event: 86.021 GC heap after
{Heap after GC invocations=35 (full 0):
 garbage-first heap   total 463872K, used 113823K [0x0000000081200000, 0x0000000100000000)
  region size 1024K, 23 young (23552K), 23 survivors (23552K)
 Metaspace       used 38898K, committed 39232K, reserved 1089536K
  class space    used 4893K, committed 5056K, reserved 1048576K
}
Event: 88.754 GC heap before
{Heap before GC invocations=35 (full 0):
 garbage-first heap   total 463872K, used 366751K [0x0000000081200000, 0x0000000100000000)
  region size 1024K, 271 young (277504K), 23 survivors (23552K)
 Metaspace       used 40299K, committed 40704K, reserved 1089536K
  class space    used 4991K, committed 5184K, reserved 1048576K
}
Event: 88.789 GC heap after
{Heap after GC invocations=36 (full 0):
 garbage-first heap   total 463872K, used 131584K [0x0000000081200000, 0x0000000100000000)
  region size 1024K, 30 young (30720K), 30 survivors (30720K)
 Metaspace       used 40299K, committed 40704K, reserved 1089536K
  class space    used 4991K, committed 5184K, reserved 1048576K
}
Event: 89.734 GC heap before
{Heap before GC invocations=36 (full 0):
 garbage-first heap   total 463872K, used 376320K [0x0000000081200000, 0x0000000100000000)
  region size 1024K, 270 young (276480K), 30 survivors (30720K)
 Metaspace       used 41639K, committed 41984K, reserved 1089536K
  class space    used 5138K, committed 5312K, reserved 1048576K
}
Event: 89.766 GC heap after
{Heap after GC invocations=37 (full 0):
 garbage-first heap   total 463872K, used 143872K [0x0000000081200000, 0x0000000100000000)
  region size 1024K, 28 young (28672K), 28 survivors (28672K)
 Metaspace       used 41639K, committed 41984K, reserved 1089536K
  class space    used 5138K, committed 5312K, reserved 1048576K
}
Event: 90.578 GC heap before
{Heap before GC invocations=37 (full 0):
 garbage-first heap   total 463872K, used 381440K [0x0000000081200000, 0x0000000100000000)
  region size 1024K, 260 young (266240K), 28 survivors (28672K)
 Metaspace       used 42510K, committed 42880K, reserved 1089536K
  class space    used 5259K, committed 5440K, reserved 1048576K
}
Event: 90.634 GC heap after
{Heap after GC invocations=38 (full 0):
 garbage-first heap   total 463872K, used 157184K [0x0000000081200000, 0x0000000100000000)
  region size 1024K, 24 young (24576K), 24 survivors (24576K)
 Metaspace       used 42510K, committed 42880K, reserved 1089536K
  class space    used 5259K, committed 5440K, reserved 1048576K
}
Event: 92.559 GC heap before
{Heap before GC invocations=38 (full 0):
 garbage-first heap   total 463872K, used 383488K [0x0000000081200000, 0x0000000100000000)
  region size 1024K, 246 young (251904K), 24 survivors (24576K)
 Metaspace       used 43184K, committed 43520K, reserved 1089536K
  class space    used 5323K, committed 5504K, reserved 1048576K
}

