# JRE version: OpenJDK Runtime Environment Temurin-17.0.4+8 (17.0.4+8) (build 17.0.4+8)
# Java VM: OpenJDK 64-Bit Server VM Temurin-17.0.4+8 (17.0.4+8, mixed mode, emulated-client, tiered, compressed oops, compressed class ptrs, g1 gc, windows-amd64)
GC Precious Log:
 CPUs: 4 total, 4 available
 Memory: 8113M
 Large Page Support: Disabled
 NUMA Support: Disabled
 Compressed Oops: Enabled (32-bit)
 Heap Region Size: 1M
 Heap Min Capacity: 8M
 Heap Initial Capacity: 128M
 Heap Max Capacity: 2030M
 Pre-touch: Disabled
 Parallel Workers: 4
 Concurrent Workers: 1
 Concurrent Refinement Workers: 4
 Periodic GC: Disabled
Heap:
 garbage-first heap   total 223232K, used 76171K [0x0000000081200000, 0x0000000100000000)
  region size 1024K, 11 young (11264K), 11 survivors (11264K)
 Metaspace       used 35080K, committed 35456K, reserved 1081344K
  class space    used 4558K, committed 4736K, reserved 1048576K
GC Heap History (20 events):
Event: 10.568 GC heap after
{Heap after GC invocations=13 (full 0):
 garbage-first heap   total 81920K, used 30708K [0x0000000081200000, 0x0000000100000000)
  region size 1024K, 2 young (2048K), 2 survivors (2048K)
 Metaspace       used 33513K, committed 33728K, reserved 1081344K
  class space    used 4261K, committed 4352K, reserved 1048576K
}
Event: 10.881 GC heap before
{Heap before GC invocations=14 (full 0):
 garbage-first heap   total 81920K, used 58356K [0x0000000081200000, 0x0000000100000000)
  region size 1024K, 30 young (30720K), 2 survivors (2048K)
 Metaspace       used 34222K, committed 34560K, reserved 1081344K
  class space    used 4381K, committed 4544K, reserved 1048576K
}
Event: 10.895 GC heap after
{Heap after GC invocations=15 (full 0):
 garbage-first heap   total 81920K, used 35256K [0x0000000081200000, 0x0000000100000000)
  region size 1024K, 4 young (4096K), 4 survivors (4096K)
 Metaspace       used 34222K, committed 34560K, reserved 1081344K
  class space    used 4381K, committed 4544K, reserved 1048576K
}
Event: 10.907 GC heap before
{Heap before GC invocations=15 (full 0):
 garbage-first heap   total 81920K, used 36280K [0x0000000081200000, 0x0000000100000000)
  region size 1024K, 5 young (5120K), 4 survivors (4096K)
 Metaspace       used 34269K, committed 34560K, reserved 1081344K
  class space    used 4393K, committed 4544K, reserved 1048576K
}
Event: 10.915 GC heap after
{Heap after GC invocations=16 (full 0):
 garbage-first heap   total 81920K, used 36031K [0x0000000081200000, 0x0000000100000000)
  region size 1024K, 1 young (1024K), 1 survivors (1024K)
 Metaspace       used 34269K, committed 34560K, reserved 1081344K
  class space    used 4393K, committed 4544K, reserved 1048576K
}
Event: 11.067 GC heap before
{Heap before GC invocations=16 (full 0):
 garbage-first heap   total 81920K, used 60607K [0x0000000081200000, 0x0000000100000000)
  region size 1024K, 25 young (25600K), 1 survivors (1024K)
 Metaspace       used 34489K, committed 34816K, reserved 1081344K
  class space    used 4450K, committed 4608K, reserved 1048576K
}
Event: 11.083 GC heap after
{Heap after GC invocations=17 (full 0):
 garbage-first heap   total 81920K, used 43402K [0x0000000081200000, 0x0000000100000000)
  region size 1024K, 4 young (4096K), 4 survivors (4096K)
 Metaspace       used 34489K, committed 34816K, reserved 1081344K
  class space    used 4450K, committed 4608K, reserved 1048576K
}
Event: 11.830 GC heap before
{Heap before GC invocations=17 (full 0):
 garbage-first heap   total 81920K, used 60810K [0x0000000081200000, 0x0000000100000000)
  region size 1024K, 22 young (22528K), 4 survivors (4096K)
 Metaspace       used 34871K, committed 35136K, reserved 1081344K
  class space    used 4534K, committed 4672K, reserved 1048576K
}
Event: 11.847 GC heap after
{Heap after GC invocations=18 (full 0):
 garbage-first heap   total 81920K, used 48003K [0x0000000081200000, 0x0000000100000000)
  region size 1024K, 3 young (3072K), 3 survivors (3072K)
 Metaspace       used 34871K, committed 35136K, reserved 1081344K
  class space    used 4534K, committed 4672K, reserved 1048576K
}
Event: 12.091 GC heap before
{Heap before GC invocations=18 (full 0):
 garbage-first heap   total 99328K, used 64387K [0x0000000081200000, 0x0000000100000000)
  region size 1024K, 18 young (18432K), 3 survivors (3072K)
 Metaspace       used 34873K, committed 35136K, reserved 1081344K
  class space    used 4534K, committed 4672K, reserved 1048576K
}
Event: 12.116 GC heap after
{Heap after GC invocations=19 (full 0):
 garbage-first heap   total 223232K, used 56169K [0x0000000081200000, 0x0000000100000000)
  region size 1024K, 3 young (3072K), 3 survivors (3072K)
 Metaspace       used 34873K, committed 35136K, reserved 1081344K
  class space    used 4534K, committed 4672K, reserved 1048576K
}
Event: 12.412 GC heap before
{Heap before GC invocations=20 (full 0):
 garbage-first heap   total 223232K, used 132969K [0x0000000081200000, 0x0000000100000000)
  region size 1024K, 79 young (80896K), 3 survivors (3072K)
 Metaspace       used 35080K, committed 35456K, reserved 1081344K
  class space    used 4558K, committed 4736K, reserved 1048576K
}
Event: 12.450 GC heap after
{Heap after GC invocations=21 (full 0):
 garbage-first heap   total 223232K, used 65843K [0x0000000081200000, 0x0000000100000000)
  region size 1024K, 10 young (10240K), 10 survivors (10240K)
 Metaspace       used 35080K, committed 35456K, reserved 1081344K
  class space    used 4558K, committed 4736K, reserved 1048576K
}
Event: 12.467 GC heap before
{Heap before GC invocations=21 (full 0):
 garbage-first heap   total 223232K, used 66867K [0x0000000081200000, 0x0000000100000000)
  region size 1024K, 11 young (11264K), 10 survivors (10240K)
 Metaspace       used 35080K, committed 35456K, reserved 1081344K
  class space    used 4558K, committed 4736K, reserved 1048576K
}
Event: 12.492 GC heap after
{Heap after GC invocations=22 (full 0):
 garbage-first heap   total 223232K, used 67075K [0x0000000081200000, 0x0000000100000000)
  region size 1024K, 2 young (2048K), 2 survivors (2048K)
 Metaspace       used 35080K, committed 35456K, reserved 1081344K
  class space    used 4558K, committed 4736K, reserved 1048576K
}
Event: 12.579 GC heap before
{Heap before GC invocations=22 (full 0):
 garbage-first heap   total 223232K, used 145923K [0x0000000081200000, 0x0000000100000000)
  region size 1024K, 80 young (81920K), 2 survivors (2048K)
 Metaspace       used 35080K, committed 35456K, reserved 1081344K
  class space    used 4558K, committed 4736K, reserved 1048576K
}
Event: 12.583 GC heap after
{Heap after GC invocations=23 (full 0):
 garbage-first heap   total 223232K, used 69031K [0x0000000081200000, 0x0000000100000000)
  region size 1024K, 4 young (4096K), 4 survivors (4096K)
 Metaspace       used 35080K, committed 35456K, reserved 1081344K
  class space    used 4558K, committed 4736K, reserved 1048576K
}
Event: 12.671 GC heap before
{Heap before GC invocations=23 (full 0):
 garbage-first heap   total 223232K, used 158119K [0x0000000081200000, 0x0000000100000000)
  region size 1024K, 92 young (94208K), 4 survivors (4096K)
 Metaspace       used 35080K, committed 35456K, reserved 1081344K
  class space    used 4558K, committed 4736K, reserved 1048576K
}
Event: 12.679 GC heap after
{Heap after GC invocations=24 (full 0):
 garbage-first heap   total 223232K, used 72363K [0x0000000081200000, 0x0000000100000000)
  region size 1024K, 7 young (7168K), 7 survivors (7168K)
 Metaspace       used 35080K, committed 35456K, reserved 1081344K
  class space    used 4558K, committed 4736K, reserved 1048576K
}
Event: 12.783 GC heap before
{Heap before GC invocations=24 (full 0):
 garbage-first heap   total 223232K, used 167595K [0x0000000081200000, 0x0000000100000000)
  region size 1024K, 101 young (103424K), 7 survivors (7168K)
 Metaspace       used 35080K, committed 35456K, reserved 1081344K
  class space    used 4558K, committed 4736K, reserved 1048576K
}

