# JRE version: OpenJDK Runtime Environment Temurin-17.0.4+8 (17.0.4+8) (build 17.0.4+8)
# Java VM: OpenJDK 64-Bit Server VM Temurin-17.0.4+8 (17.0.4+8, mixed mode, emulated-client, tiered, compressed oops, compressed class ptrs, g1 gc, windows-amd64)
GC Precious Log:
 CPUs: 4 total, 4 available
 Memory: 8113M
 Large Page Support: Disabled
 NUMA Support: Disabled
 Compressed Oops: Enabled (32-bit)
 Heap Region Size: 1M
 Heap Min Capacity: 8M
 Heap Initial Capacity: 128M
 Heap Max Capacity: 2030M
 Pre-touch: Disabled
 Parallel Workers: 4
 Concurrent Workers: 1
 Concurrent Refinement Workers: 4
 Periodic GC: Disabled
Heap:
 garbage-first heap   total 247808K, used 93184K [0x0000000081200000, 0x0000000100000000)
  region size 1024K, 10 young (10240K), 10 survivors (10240K)
 Metaspace       used 35069K, committed 35392K, reserved 1081344K
  class space    used 4558K, committed 4736K, reserved 1048576K
GC Heap History (20 events):
Event: 16.105 GC heap after
{Heap after GC invocations=20 (full 0):
 garbage-first heap   total 106496K, used 59836K [0x0000000081200000, 0x0000000100000000)
  region size 1024K, 3 young (3072K), 3 survivors (3072K)
 Metaspace       used 34873K, committed 35136K, reserved 1081344K
  class space    used 4535K, committed 4672K, reserved 1048576K
}
Event: 16.140 GC heap before
{Heap before GC invocations=20 (full 0):
 garbage-first heap   total 106496K, used 61884K [0x0000000081200000, 0x0000000100000000)
  region size 1024K, 5 young (5120K), 3 survivors (3072K)
 Metaspace       used 34876K, committed 35136K, reserved 1081344K
  class space    used 4536K, committed 4672K, reserved 1048576K
}
Event: 16.156 GC heap after
{Heap after GC invocations=21 (full 0):
 garbage-first heap   total 106496K, used 61753K [0x0000000081200000, 0x0000000100000000)
  region size 1024K, 1 young (1024K), 1 survivors (1024K)
 Metaspace       used 34876K, committed 35136K, reserved 1081344K
  class space    used 4536K, committed 4672K, reserved 1048576K
}
Event: 16.265 GC heap before
{Heap before GC invocations=21 (full 0):
 garbage-first heap   total 106496K, used 77113K [0x0000000081200000, 0x0000000100000000)
  region size 1024K, 17 young (17408K), 1 survivors (1024K)
 Metaspace       used 34958K, committed 35328K, reserved 1081344K
  class space    used 4545K, committed 4736K, reserved 1048576K
}
Event: 16.300 GC heap after
{Heap after GC invocations=22 (full 0):
 garbage-first heap   total 247808K, used 64733K [0x0000000081200000, 0x0000000100000000)
  region size 1024K, 3 young (3072K), 3 survivors (3072K)
 Metaspace       used 34958K, committed 35328K, reserved 1081344K
  class space    used 4545K, committed 4736K, reserved 1048576K
}
Event: 16.486 GC heap before
{Heap before GC invocations=22 (full 0):
 garbage-first heap   total 247808K, used 129245K [0x0000000081200000, 0x0000000100000000)
  region size 1024K, 67 young (68608K), 3 survivors (3072K)
 Metaspace       used 35069K, committed 35392K, reserved 1081344K
  class space    used 4558K, committed 4736K, reserved 1048576K
}
Event: 16.505 GC heap after
{Heap after GC invocations=23 (full 0):
 garbage-first heap   total 247808K, used 67580K [0x0000000081200000, 0x0000000100000000)
  region size 1024K, 6 young (6144K), 6 survivors (6144K)
 Metaspace       used 35069K, committed 35392K, reserved 1081344K
  class space    used 4558K, committed 4736K, reserved 1048576K
}
Event: 16.756 GC heap before
{Heap before GC invocations=24 (full 0):
 garbage-first heap   total 247808K, used 174076K [0x0000000081200000, 0x0000000100000000)
  region size 1024K, 112 young (114688K), 6 survivors (6144K)
 Metaspace       used 35069K, committed 35392K, reserved 1081344K
  class space    used 4558K, committed 4736K, reserved 1048576K
}
Event: 16.773 GC heap after
{Heap after GC invocations=25 (full 0):
 garbage-first heap   total 247808K, used 70821K [0x0000000081200000, 0x0000000100000000)
  region size 1024K, 10 young (10240K), 10 survivors (10240K)
 Metaspace       used 35069K, committed 35392K, reserved 1081344K
  class space    used 4558K, committed 4736K, reserved 1048576K
}
Event: 16.820 GC heap before
{Heap before GC invocations=25 (full 0):
 garbage-first heap   total 247808K, used 71845K [0x0000000081200000, 0x0000000100000000)
  region size 1024K, 12 young (12288K), 10 survivors (10240K)
 Metaspace       used 35069K, committed 35392K, reserved 1081344K
  class space    used 4558K, committed 4736K, reserved 1048576K
}
Event: 16.839 GC heap after
{Heap after GC invocations=26 (full 0):
 garbage-first heap   total 247808K, used 70479K [0x0000000081200000, 0x0000000100000000)
  region size 1024K, 2 young (2048K), 2 survivors (2048K)
 Metaspace       used 35069K, committed 35392K, reserved 1081344K
  class space    used 4558K, committed 4736K, reserved 1048576K
}
Event: 17.532 GC heap before
{Heap before GC invocations=26 (full 0):
 garbage-first heap   total 247808K, used 182095K [0x0000000081200000, 0x0000000100000000)
  region size 1024K, 112 young (114688K), 2 survivors (2048K)
 Metaspace       used 35069K, committed 35392K, reserved 1081344K
  class space    used 4558K, committed 4736K, reserved 1048576K
}
Event: 17.537 GC heap after
{Heap after GC invocations=27 (full 0):
 garbage-first heap   total 247808K, used 73456K [0x0000000081200000, 0x0000000100000000)
  region size 1024K, 5 young (5120K), 5 survivors (5120K)
 Metaspace       used 35069K, committed 35392K, reserved 1081344K
  class space    used 4558K, committed 4736K, reserved 1048576K
}
Event: 18.712 GC heap before
{Heap before GC invocations=27 (full 0):
 garbage-first heap   total 247808K, used 188144K [0x0000000081200000, 0x0000000100000000)
  region size 1024K, 118 young (120832K), 5 survivors (5120K)
 Metaspace       used 35069K, committed 35392K, reserved 1081344K
  class space    used 4558K, committed 4736K, reserved 1048576K
}
Event: 18.726 GC heap after
{Heap after GC invocations=28 (full 0):
 garbage-first heap   total 247808K, used 78429K [0x0000000081200000, 0x0000000100000000)
  region size 1024K, 10 young (10240K), 10 survivors (10240K)
 Metaspace       used 35069K, committed 35392K, reserved 1081344K
  class space    used 4558K, committed 4736K, reserved 1048576K
}
Event: 20.791 GC heap before
{Heap before GC invocations=28 (full 0):
 garbage-first heap   total 247808K, used 192093K [0x0000000081200000, 0x0000000100000000)
  region size 1024K, 122 young (124928K), 10 survivors (10240K)
 Metaspace       used 35069K, committed 35392K, reserved 1081344K
  class space    used 4558K, committed 4736K, reserved 1048576K
}
Event: 20.805 GC heap after
{Heap after GC invocations=29 (full 0):
 garbage-first heap   total 247808K, used 83379K [0x0000000081200000, 0x0000000100000000)
  region size 1024K, 10 young (10240K), 10 survivors (10240K)
 Metaspace       used 35069K, committed 35392K, reserved 1081344K
  class space    used 4558K, committed 4736K, reserved 1048576K
}
Event: 21.165 GC heap before
{Heap before GC invocations=29 (full 0):
 garbage-first heap   total 247808K, used 198067K [0x0000000081200000, 0x0000000100000000)
  region size 1024K, 123 young (125952K), 10 survivors (10240K)
 Metaspace       used 35069K, committed 35392K, reserved 1081344K
  class space    used 4558K, committed 4736K, reserved 1048576K
}
Event: 21.177 GC heap after
{Heap after GC invocations=30 (full 0):
 garbage-first heap   total 247808K, used 88514K [0x0000000081200000, 0x0000000100000000)
  region size 1024K, 10 young (10240K), 10 survivors (10240K)
 Metaspace       used 35069K, committed 35392K, reserved 1081344K
  class space    used 4558K, committed 4736K, reserved 1048576K
}
Event: 21.564 GC heap before
{Heap before GC invocations=30 (full 0):
 garbage-first heap   total 247808K, used 201154K [0x0000000081200000, 0x0000000100000000)
  region size 1024K, 121 young (123904K), 10 survivors (10240K)
 Metaspace       used 35069K, committed 35392K, reserved 1081344K
  class space    used 4558K, committed 4736K, reserved 1048576K
}

