# JRE version: OpenJDK Runtime Environment Temurin-17.0.4+8 (17.0.4+8) (build 17.0.4+8)
# Java VM: OpenJDK 64-Bit Server VM Temurin-17.0.4+8 (17.0.4+8, mixed mode, emulated-client, tiered, compressed oops, compressed class ptrs, g1 gc, windows-amd64)
GC Precious Log:
 CPUs: 4 total, 4 available
 Memory: 8113M
 Large Page Support: Disabled
 NUMA Support: Disabled
 Compressed Oops: Enabled (32-bit)
 Heap Region Size: 1M
 Heap Min Capacity: 8M
 Heap Initial Capacity: 128M
 Heap Max Capacity: 2030M
 Pre-touch: Disabled
 Parallel Workers: 4
 Concurrent Workers: 1
 Concurrent Refinement Workers: 4
 Periodic GC: Disabled
Heap:
 garbage-first heap   total 374784K, used 97975K [0x0000000081200000, 0x0000000100000000)
  region size 1024K, 18 young (18432K), 18 survivors (18432K)
 Metaspace       used 35077K, committed 35328K, reserved 1081344K
  class space    used 4562K, committed 4672K, reserved 1048576K
GC Heap History (20 events):
Event: 15.075 GC heap after
{Heap after GC invocations=20 (full 0):
 garbage-first heap   total 133120K, used 37468K [0x0000000081200000, 0x0000000100000000)
  region size 1024K, 2 young (2048K), 2 survivors (2048K)
 Metaspace       used 33674K, committed 33920K, reserved 1081344K
  class space    used 4297K, committed 4416K, reserved 1048576K
}
Event: 16.833 GC heap before
{Heap before GC invocations=21 (full 0):
 garbage-first heap   total 133120K, used 89692K [0x0000000081200000, 0x0000000100000000)
  region size 1024K, 53 young (54272K), 2 survivors (2048K)
 Metaspace       used 34876K, committed 35136K, reserved 1081344K
  class space    used 4538K, committed 4672K, reserved 1048576K
}
Event: 16.869 GC heap after
{Heap after GC invocations=22 (full 0):
 garbage-first heap   total 133120K, used 53892K [0x0000000081200000, 0x0000000100000000)
  region size 1024K, 7 young (7168K), 7 survivors (7168K)
 Metaspace       used 34876K, committed 35136K, reserved 1081344K
  class space    used 4538K, committed 4672K, reserved 1048576K
}
Event: 16.876 GC heap before
{Heap before GC invocations=22 (full 0):
 garbage-first heap   total 133120K, used 53892K [0x0000000081200000, 0x0000000100000000)
  region size 1024K, 8 young (8192K), 7 survivors (7168K)
 Metaspace       used 34876K, committed 35136K, reserved 1081344K
  class space    used 4538K, committed 4672K, reserved 1048576K
}
Event: 16.898 GC heap after
{Heap after GC invocations=23 (full 0):
 garbage-first heap   total 133120K, used 54994K [0x0000000081200000, 0x0000000100000000)
  region size 1024K, 1 young (1024K), 1 survivors (1024K)
 Metaspace       used 34876K, committed 35136K, reserved 1081344K
  class space    used 4538K, committed 4672K, reserved 1048576K
}
Event: 17.290 GC heap before
{Heap before GC invocations=23 (full 0):
 garbage-first heap   total 133120K, used 90834K [0x0000000081200000, 0x0000000100000000)
  region size 1024K, 36 young (36864K), 1 survivors (1024K)
 Metaspace       used 34976K, committed 35264K, reserved 1081344K
  class space    used 4549K, committed 4672K, reserved 1048576K
}
Event: 17.327 GC heap after
{Heap after GC invocations=24 (full 0):
 garbage-first heap   total 133120K, used 63856K [0x0000000081200000, 0x0000000100000000)
  region size 1024K, 5 young (5120K), 5 survivors (5120K)
 Metaspace       used 34976K, committed 35264K, reserved 1081344K
  class space    used 4549K, committed 4672K, reserved 1048576K
}
Event: 17.403 GC heap before
{Heap before GC invocations=24 (full 0):
 garbage-first heap   total 133120K, used 93552K [0x0000000081200000, 0x0000000100000000)
  region size 1024K, 35 young (35840K), 5 survivors (5120K)
 Metaspace       used 35077K, committed 35328K, reserved 1081344K
  class space    used 4562K, committed 4672K, reserved 1048576K
}
Event: 17.415 GC heap after
{Heap after GC invocations=25 (full 0):
 garbage-first heap   total 133120K, used 65759K [0x0000000081200000, 0x0000000100000000)
  region size 1024K, 2 young (2048K), 2 survivors (2048K)
 Metaspace       used 35077K, committed 35328K, reserved 1081344K
  class space    used 4562K, committed 4672K, reserved 1048576K
}
Event: 17.466 GC heap before
{Heap before GC invocations=25 (full 0):
 garbage-first heap   total 133120K, used 98527K [0x0000000081200000, 0x0000000100000000)
  region size 1024K, 35 young (35840K), 2 survivors (2048K)
 Metaspace       used 35077K, committed 35328K, reserved 1081344K
  class space    used 4562K, committed 4672K, reserved 1048576K
}
Event: 17.480 GC heap after
{Heap after GC invocations=26 (full 0):
 garbage-first heap   total 374784K, used 66887K [0x0000000081200000, 0x0000000100000000)
  region size 1024K, 3 young (3072K), 3 survivors (3072K)
 Metaspace       used 35077K, committed 35328K, reserved 1081344K
  class space    used 4562K, committed 4672K, reserved 1048576K
}
Event: 18.150 GC heap before
{Heap before GC invocations=27 (full 0):
 garbage-first heap   total 374784K, used 233799K [0x0000000081200000, 0x0000000100000000)
  region size 1024K, 168 young (172032K), 3 survivors (3072K)
 Metaspace       used 35077K, committed 35328K, reserved 1081344K
  class space    used 4562K, committed 4672K, reserved 1048576K
}
Event: 18.164 GC heap after
{Heap after GC invocations=28 (full 0):
 garbage-first heap   total 374784K, used 72916K [0x0000000081200000, 0x0000000100000000)
  region size 1024K, 10 young (10240K), 10 survivors (10240K)
 Metaspace       used 35077K, committed 35328K, reserved 1081344K
  class space    used 4562K, committed 4672K, reserved 1048576K
}
Event: 18.196 GC heap before
{Heap before GC invocations=28 (full 0):
 garbage-first heap   total 374784K, used 80084K [0x0000000081200000, 0x0000000100000000)
  region size 1024K, 18 young (18432K), 10 survivors (10240K)
 Metaspace       used 35077K, committed 35328K, reserved 1081344K
  class space    used 4562K, committed 4672K, reserved 1048576K
}
Event: 18.214 GC heap after
{Heap after GC invocations=29 (full 0):
 garbage-first heap   total 374784K, used 72082K [0x0000000081200000, 0x0000000100000000)
  region size 1024K, 2 young (2048K), 2 survivors (2048K)
 Metaspace       used 35077K, committed 35328K, reserved 1081344K
  class space    used 4562K, committed 4672K, reserved 1048576K
}
Event: 18.872 GC heap before
{Heap before GC invocations=29 (full 0):
 garbage-first heap   total 374784K, used 285074K [0x0000000081200000, 0x0000000100000000)
  region size 1024K, 211 young (216064K), 2 survivors (2048K)
 Metaspace       used 35077K, committed 35328K, reserved 1081344K
  class space    used 4562K, committed 4672K, reserved 1048576K
}
Event: 18.900 GC heap after
{Heap after GC invocations=30 (full 0):
 garbage-first heap   total 374784K, used 79854K [0x0000000081200000, 0x0000000100000000)
  region size 1024K, 9 young (9216K), 9 survivors (9216K)
 Metaspace       used 35077K, committed 35328K, reserved 1081344K
  class space    used 4562K, committed 4672K, reserved 1048576K
}
Event: 19.572 GC heap before
{Heap before GC invocations=30 (full 0):
 garbage-first heap   total 374784K, used 289774K [0x0000000081200000, 0x0000000100000000)
  region size 1024K, 215 young (220160K), 9 survivors (9216K)
 Metaspace       used 35077K, committed 35328K, reserved 1081344K
  class space    used 4562K, committed 4672K, reserved 1048576K
}
Event: 19.622 GC heap after
{Heap after GC invocations=31 (full 0):
 garbage-first heap   total 374784K, used 88454K [0x0000000081200000, 0x0000000100000000)
  region size 1024K, 18 young (18432K), 18 survivors (18432K)
 Metaspace       used 35077K, committed 35328K, reserved 1081344K
  class space    used 4562K, committed 4672K, reserved 1048576K
}
Event: 20.529 GC heap before
{Heap before GC invocations=31 (full 0):
 garbage-first heap   total 374784K, used 293254K [0x0000000081200000, 0x0000000100000000)
  region size 1024K, 219 young (224256K), 18 survivors (18432K)
 Metaspace       used 35077K, committed 35328K, reserved 1081344K
  class space    used 4562K, committed 4672K, reserved 1048576K
}

